Traceback (most recent call last):
  File "/home/shahzar/.local/lib/python3.8/site-packages/jupyter_cache/executors/utils.py", line 51, in single_nb_execution
    executenb(
  File "/home/shahzar/.local/lib/python3.8/site-packages/nbclient/client.py", line 1263, in execute
    return NotebookClient(nb=nb, resources=resources, km=km, **kwargs).execute()
  File "/home/shahzar/.local/lib/python3.8/site-packages/nbclient/util.py", line 85, in wrapped
    return just_run(coro(*args, **kwargs))
  File "/home/shahzar/.local/lib/python3.8/site-packages/nbclient/util.py", line 60, in just_run
    return loop.run_until_complete(coro)
  File "/usr/lib/python3.8/asyncio/base_events.py", line 616, in run_until_complete
    return future.result()
  File "/home/shahzar/.local/lib/python3.8/site-packages/nbclient/client.py", line 701, in async_execute
    await self.async_execute_cell(
  File "/home/shahzar/.local/lib/python3.8/site-packages/nbclient/client.py", line 1019, in async_execute_cell
    await self._check_raise_for_error(cell, cell_index, exec_reply)
  File "/home/shahzar/.local/lib/python3.8/site-packages/nbclient/client.py", line 913, in _check_raise_for_error
    raise CellExecutionError.from_cell_and_msg(cell, exec_reply_content)
nbclient.exceptions.CellExecutionError: An error occurred while executing the following cell:
------------------
# NO CODE
Plot_norm(x_limits=(-4, 4), mu=0, sigma=1, left_end=-2, right_end=2)
plt.yticks(np.arange(0, 0.401, 0.05), np.array(7*['']))
plt.xticks(np.arange(-4, 4.1),['','','$\mu - 2\sigma/\sqrt{n}$', '', '$\mu$', '', '$\mu+2\sigma/\sqrt{n}$',''])
plt.xlabel('Sample Mean')
plt.title('Gold Area: Approximately 95%');
------------------

[0;31m---------------------------------------------------------------------------[0m
[0;31mValueError[0m                                Traceback (most recent call last)
Input [0;32mIn [3][0m, in [0;36m<cell line: 3>[0;34m()[0m
[1;32m      1[0m [38;5;66;03m# NO CODE[39;00m
[1;32m      2[0m Plot_norm(x_limits[38;5;241m=[39m([38;5;241m-[39m[38;5;241m4[39m, [38;5;241m4[39m), mu[38;5;241m=[39m[38;5;241m0[39m, sigma[38;5;241m=[39m[38;5;241m1[39m, left_end[38;5;241m=[39m[38;5;241m-[39m[38;5;241m2[39m, right_end[38;5;241m=[39m[38;5;241m2[39m)
[0;32m----> 3[0m [43mplt[49m[38;5;241;43m.[39;49m[43myticks[49m[43m([49m[43mnp[49m[38;5;241;43m.[39;49m[43marange[49m[43m([49m[38;5;241;43m0[39;49m[43m,[49m[43m [49m[38;5;241;43m0.401[39;49m[43m,[49m[43m [49m[38;5;241;43m0.05[39;49m[43m)[49m[43m,[49m[43m [49m[43mnp[49m[38;5;241;43m.[39;49m[43marray[49m[43m([49m[38;5;241;43m7[39;49m[38;5;241;43m*[39;49m[43m[[49m[38;5;124;43m'[39;49m[38;5;124;43m'[39;49m[43m][49m[43m)[49m[43m)[49m
[1;32m      4[0m plt[38;5;241m.[39mxticks(np[38;5;241m.[39marange([38;5;241m-[39m[38;5;241m4[39m, [38;5;241m4.1[39m),[[38;5;124m'[39m[38;5;124m'[39m,[38;5;124m'[39m[38;5;124m'[39m,[38;5;124m'[39m[38;5;124m$[39m[38;5;124m\[39m[38;5;124mmu - 2[39m[38;5;124m\[39m[38;5;124msigma/[39m[38;5;124m\[39m[38;5;124msqrt[39m[38;5;132;01m{n}[39;00m[38;5;124m$[39m[38;5;124m'[39m, [38;5;124m'[39m[38;5;124m'[39m, [38;5;124m'[39m[38;5;124m$[39m[38;5;124m\[39m[38;5;124mmu$[39m[38;5;124m'[39m, [38;5;124m'[39m[38;5;124m'[39m, [38;5;124m'[39m[38;5;124m$[39m[38;5;124m\[39m[38;5;124mmu+2[39m[38;5;124m\[39m[38;5;124msigma/[39m[38;5;124m\[39m[38;5;124msqrt[39m[38;5;132;01m{n}[39;00m[38;5;124m$[39m[38;5;124m'[39m,[38;5;124m'[39m[38;5;124m'[39m])
[1;32m      5[0m plt[38;5;241m.[39mxlabel([38;5;124m'[39m[38;5;124mSample Mean[39m[38;5;124m'[39m)

File [0;32m~/.local/lib/python3.8/site-packages/matplotlib/pyplot.py:1876[0m, in [0;36myticks[0;34m(ticks, labels, **kwargs)[0m
[1;32m   1874[0m         l[38;5;241m.[39mupdate(kwargs)
[1;32m   1875[0m [38;5;28;01melse[39;00m:
[0;32m-> 1876[0m     labels [38;5;241m=[39m [43max[49m[38;5;241;43m.[39;49m[43mset_yticklabels[49m[43m([49m[43mlabels[49m[43m,[49m[43m [49m[38;5;241;43m*[39;49m[38;5;241;43m*[39;49m[43mkwargs[49m[43m)[49m
[1;32m   1878[0m [38;5;28;01mreturn[39;00m locs, labels

File [0;32m~/.local/lib/python3.8/site-packages/matplotlib/axes/_base.py:75[0m, in [0;36m_axis_method_wrapper.__set_name__.<locals>.wrapper[0;34m(self, *args, **kwargs)[0m
[1;32m     74[0m [38;5;28;01mdef[39;00m [38;5;21mwrapper[39m([38;5;28mself[39m, [38;5;241m*[39margs, [38;5;241m*[39m[38;5;241m*[39mkwargs):
[0;32m---> 75[0m     [38;5;28;01mreturn[39;00m [43mget_method[49m[43m([49m[38;5;28;43mself[39;49m[43m)[49m[43m([49m[38;5;241;43m*[39;49m[43margs[49m[43m,[49m[43m [49m[38;5;241;43m*[39;49m[38;5;241;43m*[39;49m[43mkwargs[49m[43m)[49m

File [0;32m~/.local/lib/python3.8/site-packages/matplotlib/axis.py:1798[0m, in [0;36mAxis._set_ticklabels[0;34m(self, labels, fontdict, minor, **kwargs)[0m
[1;32m   1796[0m [38;5;28;01mif[39;00m fontdict [38;5;129;01mis[39;00m [38;5;129;01mnot[39;00m [38;5;28;01mNone[39;00m:
[1;32m   1797[0m     kwargs[38;5;241m.[39mupdate(fontdict)
[0;32m-> 1798[0m [38;5;28;01mreturn[39;00m [38;5;28;43mself[39;49m[38;5;241;43m.[39;49m[43mset_ticklabels[49m[43m([49m[43mlabels[49m[43m,[49m[43m [49m[43mminor[49m[38;5;241;43m=[39;49m[43mminor[49m[43m,[49m[43m [49m[38;5;241;43m*[39;49m[38;5;241;43m*[39;49m[43mkwargs[49m[43m)[49m

File [0;32m~/.local/lib/python3.8/site-packages/matplotlib/axis.py:1720[0m, in [0;36mAxis.set_ticklabels[0;34m(self, ticklabels, minor, **kwargs)[0m
[1;32m   1716[0m [38;5;28;01mif[39;00m [38;5;28misinstance[39m(locator, mticker[38;5;241m.[39mFixedLocator):
[1;32m   1717[0m     [38;5;66;03m# Passing [] as a list of ticklabels is often used as a way to[39;00m
[1;32m   1718[0m     [38;5;66;03m# remove all tick labels, so only error for > 0 ticklabels[39;00m
[1;32m   1719[0m     [38;5;28;01mif[39;00m [38;5;28mlen[39m(locator[38;5;241m.[39mlocs) [38;5;241m!=[39m [38;5;28mlen[39m(ticklabels) [38;5;129;01mand[39;00m [38;5;28mlen[39m(ticklabels) [38;5;241m!=[39m [38;5;241m0[39m:
[0;32m-> 1720[0m         [38;5;28;01mraise[39;00m [38;5;167;01mValueError[39;00m(
[1;32m   1721[0m             [38;5;124m"[39m[38;5;124mThe number of FixedLocator locations[39m[38;5;124m"[39m
[1;32m   1722[0m             [38;5;124mf[39m[38;5;124m"[39m[38;5;124m ([39m[38;5;132;01m{[39;00m[38;5;28mlen[39m(locator[38;5;241m.[39mlocs)[38;5;132;01m}[39;00m[38;5;124m), usually from a call to[39m[38;5;124m"[39m
[1;32m   1723[0m             [38;5;124m"[39m[38;5;124m set_ticks, does not match[39m[38;5;124m"[39m
[1;32m   1724[0m             [38;5;124mf[39m[38;5;124m"[39m[38;5;124m the number of ticklabels ([39m[38;5;132;01m{[39;00m[38;5;28mlen[39m(ticklabels)[38;5;132;01m}[39;00m[38;5;124m).[39m[38;5;124m"[39m)
[1;32m   1725[0m     tickd [38;5;241m=[39m {loc: lab [38;5;28;01mfor[39;00m loc, lab [38;5;129;01min[39;00m [38;5;28mzip[39m(locator[38;5;241m.[39mlocs, ticklabels)}
[1;32m   1726[0m     func [38;5;241m=[39m functools[38;5;241m.[39mpartial([38;5;28mself[39m[38;5;241m.[39m_format_with_dict, tickd)

[0;31mValueError[0m: The number of FixedLocator locations (9), usually from a call to set_ticks, does not match the number of ticklabels (7).
ValueError: The number of FixedLocator locations (9), usually from a call to set_ticks, does not match the number of ticklabels (7).

